<?xml version="1.0" encoding="UTF-8"?>
<testsuite xmlns:xsi="http://www.w3.org/2001/XMLSchema-instance" xsi:noNamespaceSchemaLocation="https://maven.apache.org/surefire/maven-surefire-plugin/xsd/surefire-test-report.xsd" version="3.0.2" name="com.example.youtubeextractor.controller.PlaylistControllerTest" time="3.899" tests="5" errors="0" skipped="0" failures="0">
  <properties>
[...]
</properties>
  <testcase name="shouldReturn404WhenNotFound" classname="com.example.youtubeextractor.controller.PlaylistControllerTest" time="0.411">
    <system-out><![CDATA[21:57:14.321 [main] INFO org.springframework.test.context.support.AnnotationConfigContextLoaderUtils -- Could not detect default configuration classes for test class [com.example.youtubeextractor.controller.PlaylistControllerTest]: PlaylistControllerTest does not declare any static, non-private, non-final, nested classes annotated with @Configuration.
21:57:14.549 [main] INFO org.springframework.boot.test.context.SpringBootTestContextBootstrapper -- Found @SpringBootConfiguration com.example.youtubeextractor.YouTubeExtractorApplication for test class com.example.youtubeextractor.controller.PlaylistControllerTest

  .   ____          _            __ _ _
 /\\ / ___'_ __ _ _(_)_ __  __ _ \ \ \ \
( ( )\___ | '_ | '_| | '_ \/ _` | \ \ \ \
 \\/  ___)| |_)| | | | | || (_| |  ) ) ) )
  '  |____| .__|_| |_|_| |_\__, | / / / /
 =========|_|==============|___/=/_/_/_/

 :: Spring Boot ::                (v3.4.3)

2026-09-12T21:57:15.102+05:30  INFO 11888 --- [           main] c.e.y.controller.PlaylistControllerTest  : Starting PlaylistControllerTest using Java 26.0.1 with PID 11888 (started by yarra in C:\dev\youtube-paylist-extractor\backend)
2026-09-12T21:57:15.104+05:30  INFO 11888 --- [           main] c.e.y.controller.PlaylistControllerTest  : No active profile set, falling back to 1 default profile: "default"
2026-09-12T21:57:17.402+05:30  INFO 11888 --- [           main] o.s.b.t.m.w.SpringBootMockServletContext : Initializing Spring TestDispatcherServlet ''
2026-09-12T21:57:17.402+05:30  INFO 11888 --- [           main] o.s.t.web.servlet.TestDispatcherServlet  : Initializing Servlet ''
2026-09-12T21:57:17.404+05:30  INFO 11888 --- [           main] o.s.t.web.servlet.TestDispatcherServlet  : Completed initialization in 1 ms
2026-09-12T21:57:17.434+05:30  INFO 11888 --- [           main] c.e.y.controller.PlaylistControllerTest  : Started PlaylistControllerTest in 2.791 seconds (process running for 4.288)
2026-09-12T21:57:17.757+05:30  INFO 11888 --- [           main] c.e.y.controller.PlaylistController      : Received request to extract playlist: https://youtube.com/playlist?list=PLDoesNotExist
2026-09-12T21:57:17.774+05:30  WARN 11888 --- [           main] c.e.y.exception.GlobalExceptionHandler   : Playlist not found: Playlist could not be found.
]]></system-out>
    <system-err><![CDATA[Mockito is currently self-attaching to enable the inline-mock-maker. This will no longer work in future releases of the JDK. Please add Mockito as an agent to your build what is described in Mockito's documentation: https://javadoc.io/doc/org.mockito/mockito-core/latest/org/mockito/Mockito.html#0.3
]]></system-err>
  </testcase>
  <testcase name="shouldReturn400WhenInvalidUrl" classname="com.example.youtubeextractor.controller.PlaylistControllerTest" time="0.011">
    <system-out><![CDATA[2026-09-12T21:57:17.868+05:30  INFO 11888 --- [           main] c.e.y.controller.PlaylistController      : Received request to extract playlist: https://invalid-url.com/something
2026-09-12T21:57:17.870+05:30  WARN 11888 --- [           main] c.e.y.exception.GlobalExceptionHandler   : Invalid playlist requested: Please enter a valid YouTube playlist URL.
]]></system-out>
  </testcase>
  <testcase name="shouldReturn403WhenPrivate" classname="com.example.youtubeextractor.controller.PlaylistControllerTest" time="0.011">
    <system-out><![CDATA[2026-09-12T21:57:17.881+05:30  INFO 11888 --- [           main] c.e.y.controller.PlaylistController      : Received request to extract playlist: https://youtube.com/playlist?list=PLPrivate123
2026-09-12T21:57:17.882+05:30  WARN 11888 --- [           main] c.e.y.exception.GlobalExceptionHandler   : Playlist private or unavailable: This playlist is private or unavailable.
]]></system-out>
  </testcase>
  <testcase name="shouldReturn200WithExtractedVideos" classname="com.example.youtubeextractor.controller.PlaylistControllerTest" time="0.025">
    <system-out><![CDATA[2026-09-12T21:57:17.896+05:30  INFO 11888 --- [           main] c.e.y.controller.PlaylistController      : Received request to extract playlist: https://youtube.com/playlist?list=PLI7xEYXD8JT0
]]></system-out>
  </testcase>
  <testcase name="shouldReturn400WhenBlankUrl" classname="com.example.youtubeextractor.controller.PlaylistControllerTest" time="0.015">
    <system-out><![CDATA[2026-09-12T21:57:17.926+05:30  WARN 11888 --- [           main] c.e.y.exception.GlobalExceptionHandler   : Validation error on request body: Validation failed for argument [0] in public org.springframework.http.ResponseEntity<com.example.youtubeextractor.dto.PlaylistExtractResponse> com.example.youtubeextractor.controller.PlaylistController.extractPlaylistVideos(com.example.youtubeextractor.dto.PlaylistExtractRequest): [Field error in object 'playlistExtractRequest' on field 'playlistUrl': rejected value [   ]; codes [NotBlank.playlistExtractRequest.playlistUrl,NotBlank.playlistUrl,NotBlank.java.lang.String,NotBlank]; arguments [org.springframework.context.support.DefaultMessageSourceResolvable: codes [playlistExtractRequest.playlistUrl,playlistUrl]; arguments []; default message [playlistUrl]]; default message [Playlist URL cannot be empty]] 
]]></system-out>
  </testcase>
</testsuite>